<?xml version="1.0" encoding="UTF-8"?>
<!-- Generated by org.testng.reporters.JUnitXMLReporter -->
<testsuite hostname="MAA-5CG7240WNH" ignored="0" name="Test" tests="1" failures="1" timestamp="13 Sep 2020 06:27:00 GMT" time="9.284" errors="0">
  <testcase name="loginTest" time="9.281" classname="sampleTest.SampleTest">
    <failure type="java.lang.ArithmeticException" message="/ by zero">
      <![CDATA[java.lang.ArithmeticException: / by zeroat sampleTest.SampleTest.loginTest(SampleTest.java:38)... Removed 28 stack frames]]>
    </failure>
  </testcase> <!-- loginTest -->
</testsuite> <!-- Test -->
