<?xml version="1.0" encoding="UTF-8"?>
<!-- Generated by org.testng.reporters.JUnitXMLReporter -->
<testsuite hostname="MAA-5CG7240WNH" ignored="0" name="Test1" tests="1" failures="1" timestamp="13 Sep 2020 06:26:51 GMT" time="12.916" errors="0">
  <testcase name="loginTest" time="12.859" classname="gitTest.GitTest">
    <failure type="java.lang.ArithmeticException" message="/ by zero">
      <![CDATA[java.lang.ArithmeticException: / by zeroat gitTest.GitTest.loginTest(GitTest.java:43)... Removed 28 stack frames]]>
    </failure>
  </testcase> <!-- loginTest -->
</testsuite> <!-- Test1 -->
