<?xml version="1.0" encoding="UTF-8"?>
<testsuite name="TestSuite" time="22.152" tests="2" errors="0" skipped="0" failures="2">
  <properties>
[...]
</properties>
  <testcase name="loginTest" classname="gitTest.GitTest" time="12.869">
    <failure message="/ by zero" type="java.lang.ArithmeticException">java.lang.ArithmeticException: / by zero
	at gitTest.GitTest.loginTest(GitTest.java:43)
</failure>
    <system-err><![CDATA[Starting ChromeDriver 85.0.4183.87 (cd6713ebf92fa1cacc0f1a598df280093af0c5d7-refs/branch-heads/4183@{#1689}) on port 14790
Only local connections are allowed.
Please see https://chromedriver.chromium.org/security-considerations for suggestions on keeping ChromeDriver safe.
ChromeDriver was started successfully.
]]></system-err>
  </testcase>
  <testcase name="loginTest" classname="sampleTest.SampleTest" time="9.283">
    <failure message="/ by zero" type="java.lang.ArithmeticException">java.lang.ArithmeticException: / by zero
	at sampleTest.SampleTest.loginTest(SampleTest.java:38)
</failure>
    <system-out><![CDATA[Chennai - Bing
]]></system-out>
    <system-err><![CDATA[Starting ChromeDriver 85.0.4183.87 (cd6713ebf92fa1cacc0f1a598df280093af0c5d7-refs/branch-heads/4183@{#1689}) on port 4270
Only local connections are allowed.
Please see https://chromedriver.chromium.org/security-considerations for suggestions on keeping ChromeDriver safe.
ChromeDriver was started successfully.
]]></system-err>
  </testcase>
</testsuite>